<?xml version="1.0" encoding="UTF-8"?>
<!-- Generated by org.testng.reporters.JUnitReportReporter -->
<testsuite skipped="0" hostname="tmc-PC" name="com.testCases.Test1" tests="1" failures="0" timestamp="16 Jun 2017 11:01:08 GMT" time="13.228" errors="0">
  <testcase name="testcase1" time="13.228" classname="com.testCases.Test1"/>
</testsuite> <!-- com.testCases.Test1 -->
