<?xml version="1.0" encoding="UTF-8"?>
<!-- Generated by org.testng.reporters.JUnitReportReporter -->
<testsuite skipped="0" hostname="tmc-PC" name="com.testCases.Test123" tests="3" failures="0" timestamp="16 Jun 2017 04:55:03 GMT" time="18.848" errors="0">
  <testcase name="testcase123" time="9.649" classname="com.testCases.Test123"/>
  <testcase name="testcase123" time="3.944" classname="com.testCases.Test123"/>
  <testcase name="testcase123" time="5.255" classname="com.testCases.Test123"/>
</testsuite> <!-- com.testCases.Test123 -->
