<?xml version="1.0" encoding="UTF-8"?>
<!-- Generated by org.testng.reporters.JUnitReportReporter -->
<testsuite skipped="0" hostname="tmc-PC" name="com.annotations.Annot" tests="3" failures="0" timestamp="13 Jun 2017 04:23:00 GMT" time="0.018" errors="0">
  <testcase name="testcase1" time="0.012" classname="com.annotations.Annot"/>
  <testcase name="testcase3" time="0.005" classname="com.annotations.Annot"/>
  <testcase name="testcase2" time="0.001" classname="com.annotations.Annot"/>
</testsuite> <!-- com.annotations.Annot -->
