<?xml version="1.0" encoding="UTF-8"?>
<!-- Generated by org.testng.reporters.JUnitReportReporter -->
<testsuite skipped="0" hostname="tmc-PC" name="com.annotations.AssertionExample" tests="1" failures="0" timestamp="13 Jun 2017 05:57:45 GMT" time="0.015" errors="0">
  <testcase name="assertionex" time="0.015" classname="com.annotations.AssertionExample"/>
</testsuite> <!-- com.annotations.AssertionExample -->
