<?xml version="1.0" encoding="UTF-8"?>
<!-- Generated by org.testng.reporters.JUnitReportReporter -->
<testsuite skipped="0" hostname="tmc-PC" name="com.annotations.Param" tests="3" failures="0" timestamp="13 Jun 2017 07:09:12 GMT" time="0.016" errors="0">
  <testcase name="testcase1" time="0.010" classname="com.annotations.Param"/>
  <testcase name="testcase1" time="0.002" classname="com.annotations.Param"/>
  <testcase name="testcase1" time="0.004" classname="com.annotations.Param"/>
</testsuite> <!-- com.annotations.Param -->
