<?xml version="1.0" encoding="UTF-8"?>
<!-- Generated by org.testng.reporters.JUnitReportReporter -->
<testsuite skipped="0" hostname="tmc-PC" name="com.annotations.ParamWithExcel" tests="16" failures="0" timestamp="13 Jun 2017 09:17:46 GMT" time="0.038" errors="0">
  <testcase name="testcase1" time="0.002" classname="com.annotations.ParamWithExcel"/>
  <testcase name="testcase1" time="0.001" classname="com.annotations.ParamWithExcel"/>
  <testcase name="testcase1" time="0.001" classname="com.annotations.ParamWithExcel"/>
  <testcase name="testcase1" time="0.010" classname="com.annotations.ParamWithExcel"/>
  <testcase name="testcase1" time="0.002" classname="com.annotations.ParamWithExcel"/>
  <testcase name="testcase1" time="0.001" classname="com.annotations.ParamWithExcel"/>
  <testcase name="testcase1" time="0.002" classname="com.annotations.ParamWithExcel"/>
  <testcase name="testcase1" time="0.003" classname="com.annotations.ParamWithExcel"/>
  <testcase name="testcase1" time="0.002" classname="com.annotations.ParamWithExcel"/>
  <testcase name="testcase1" time="0.001" classname="com.annotations.ParamWithExcel"/>
  <testcase name="testcase1" time="0.004" classname="com.annotations.ParamWithExcel"/>
  <testcase name="testcase1" time="0.003" classname="com.annotations.ParamWithExcel"/>
  <testcase name="testcase1" time="0.002" classname="com.annotations.ParamWithExcel"/>
  <testcase name="testcase1" time="0.001" classname="com.annotations.ParamWithExcel"/>
  <testcase name="testcase1" time="0.002" classname="com.annotations.ParamWithExcel"/>
  <testcase name="testcase1" time="0.001" classname="com.annotations.ParamWithExcel"/>
</testsuite> <!-- com.annotations.ParamWithExcel -->
