<?xml version="1.0" encoding="UTF-8"?>
<!-- Generated by org.testng.reporters.JUnitReportReporter -->
<testsuite skipped="1" hostname="tmc-PC" name="com.annotations.SkipTestCase" tests="3" failures="0" timestamp="13 Jun 2017 09:36:54 GMT" time="0.001" errors="0">
  <testcase name="Savemail" time="0.000" classname="com.annotations.SkipTestCase"/>
  <testcase name="login" time="0.000" classname="com.annotations.SkipTestCase"/>
  <testcase name="composemail" time="0.001" classname="com.annotations.SkipTestCase">
    <skipped/>
  </testcase> <!-- composemail -->
</testsuite> <!-- com.annotations.SkipTestCase -->
