<?xml version="1.0" encoding="UTF-8"?>
<!-- Generated by org.testng.reporters.JUnitReportReporter -->
<testsuite skipped="0" hostname="tmc-PC" name="com.annotations.PriorityExample" tests="3" failures="0" timestamp="13 Jun 2017 04:56:55 GMT" time="0.015" errors="0">
  <testcase name="composemail" time="0.013" classname="com.annotations.PriorityExample"/>
  <testcase name="Savemail" time="0.001" classname="com.annotations.PriorityExample"/>
  <testcase name="login" time="0.001" classname="com.annotations.PriorityExample"/>
</testsuite> <!-- com.annotations.PriorityExample -->
