<?xml version="1.0" encoding="UTF-8"?>
<!-- Generated by org.testng.reporters.JUnitReportReporter -->
<testsuite skipped="0" hostname="tmc-PC" name="com.annotations.WorkWithExcel" tests="1" failures="0" timestamp="13 Jun 2017 09:36:54 GMT" time="0.066" errors="0">
  <testcase name="workwithExcel" time="0.066" classname="com.annotations.WorkWithExcel"/>
</testsuite> <!-- com.annotations.WorkWithExcel -->
