<?xml version="1.0" encoding="UTF-8"?>
<!-- Generated by org.testng.reporters.JUnitReportReporter -->
<testsuite hostname="tmc-PC" name="com.testCases.Test1" tests="1" failures="0" timestamp="15 Jun 2017 09:55:39 GMT" time="4.946" errors="0">
  <testcase name="testcase1" time="4.946" classname="com.testCases.Test1"/>
</testsuite> <!-- com.testCases.Test1 -->
