<?xml version="1.0" encoding="UTF-8"?>
<!-- Generated by org.testng.reporters.JUnitReportReporter -->
<testsuite hostname="tmc-PC" name="com.testCases.Test3" tests="1" failures="0" timestamp="15 Jun 2017 09:55:39 GMT" time="3.654" errors="0">
  <testcase name="testcase3" time="3.654" classname="com.testCases.Test3"/>
</testsuite> <!-- com.testCases.Test3 -->
