<?xml version="1.0" encoding="UTF-8"?>
<!-- Generated by org.testng.reporters.JUnitReportReporter -->
<testsuite skipped="0" hostname="tmc-PC" name="com.basicsOfSelenium.WorkWithDiffBrowsers" tests="1" failures="0" timestamp="13 Jun 2017 11:31:38 GMT" time="4.728" errors="0">
  <testcase name="workwithbro" time="4.728" classname="com.basicsOfSelenium.WorkWithDiffBrowsers"/>
</testsuite> <!-- com.basicsOfSelenium.WorkWithDiffBrowsers -->
