<?xml version="1.0" encoding="UTF-8"?>
<!-- Generated by org.testng.reporters.JUnitReportReporter -->
<testsuite skipped="0" hostname="tmc-PC" name="com.basicsOfSelenium.BackAndForwardButton" tests="1" failures="0" timestamp="15 Jun 2017 04:02:32 GMT" time="53.229" errors="0">
  <testcase name="workwithAlert" time="53.229" classname="com.basicsOfSelenium.BackAndForwardButton"/>
</testsuite> <!-- com.basicsOfSelenium.BackAndForwardButton -->
