<?xml version="1.0" encoding="UTF-8"?>
<!-- Generated by org.testng.reporters.JUnitReportReporter -->
<testsuite skipped="0" hostname="tmc-PC" name="com.basicsOfSelenium.WorkWithwebtable" tests="1" failures="0" timestamp="14 Jun 2017 11:33:01 GMT" time="71.242" errors="0">
  <testcase name="workwithAlert" time="71.242" classname="com.basicsOfSelenium.WorkWithwebtable"/>
</testsuite> <!-- com.basicsOfSelenium.WorkWithwebtable -->
