<?xml version="1.0" encoding="UTF-8"?>
<!-- Generated by org.testng.reporters.JUnitReportReporter -->
<testsuite skipped="0" hostname="tmc-PC" name="com.basicsOfSelenium.WorkWithAlert" tests="1" failures="0" timestamp="14 Jun 2017 06:47:42 GMT" time="13.955" errors="0">
  <testcase name="workwithAlert" time="13.955" classname="com.basicsOfSelenium.WorkWithAlert"/>
</testsuite> <!-- com.basicsOfSelenium.WorkWithAlert -->
