<?xml version="1.0" encoding="UTF-8"?>
<!-- Generated by org.testng.reporters.JUnitReportReporter -->
<testsuite skipped="0" hostname="tmc-PC" name="com.basicsOfSelenium.ManualXpath" tests="1" failures="0" timestamp="14 Jun 2017 10:48:26 GMT" time="4.183" errors="0">
  <testcase name="testcase1" time="4.183" classname="com.basicsOfSelenium.ManualXpath"/>
</testsuite> <!-- com.basicsOfSelenium.ManualXpath -->
