<?xml version="1.0" encoding="UTF-8"?>
<!-- Generated by org.testng.reporters.JUnitReportReporter -->
<testsuite skipped="0" hostname="tmc-PC" name="com.basicsOfSelenium.UploadFile_Sukuli" tests="1" failures="0" timestamp="15 Jun 2017 10:20:42 GMT" time="42.542" errors="0">
  <testcase name="workwithAlert" time="42.542" classname="com.basicsOfSelenium.UploadFile_Sukuli"/>
</testsuite> <!-- com.basicsOfSelenium.UploadFile_Sukuli -->
