<?xml version="1.0" encoding="UTF-8"?>
<!-- Generated by org.testng.reporters.JUnitReportReporter -->
<testsuite skipped="0" hostname="tmc-PC" name="com.testCasesForActiTime.Test2" tests="1" failures="0" timestamp="14 Jun 2017 06:20:39 GMT" time="16.083" errors="0">
  <testcase name="testcase2" time="16.083" classname="com.testCasesForActiTime.Test2"/>
</testsuite> <!-- com.testCasesForActiTime.Test2 -->
