<?xml version="1.0" encoding="UTF-8"?>
<!-- Generated by org.testng.reporters.JUnitReportReporter -->
<testsuite skipped="0" hostname="tmc-PC" name="com.basicsOfSelenium.RetrivaallLinks" tests="1" failures="0" timestamp="14 Jun 2017 11:12:32 GMT" time="32.855" errors="0">
  <testcase name="workwithAlert" time="32.855" classname="com.basicsOfSelenium.RetrivaallLinks"/>
</testsuite> <!-- com.basicsOfSelenium.RetrivaallLinks -->
