<?xml version="1.0" encoding="UTF-8"?>
<!-- Generated by org.testng.reporters.JUnitReportReporter -->
<testsuite skipped="0" hostname="tmc-PC" name="com.basicsOfSelenium.RedBusFrame" tests="1" failures="0" timestamp="14 Jun 2017 08:51:04 GMT" time="16.539" errors="0">
  <testcase name="workwithAlert" time="16.539" classname="com.basicsOfSelenium.RedBusFrame"/>
</testsuite> <!-- com.basicsOfSelenium.RedBusFrame -->
