<?xml version="1.0" encoding="UTF-8"?>
<!-- Generated by org.testng.reporters.JUnitReportReporter -->
<testsuite skipped="0" hostname="tmc-PC" name="com.testCasesForActiTime.Test3" tests="1" failures="0" timestamp="14 Jun 2017 06:20:39 GMT" time="14.821" errors="0">
  <testcase name="testcase3" time="14.821" classname="com.testCasesForActiTime.Test3"/>
</testsuite> <!-- com.testCasesForActiTime.Test3 -->
