<?xml version="1.0" encoding="UTF-8"?>
<!-- Generated by org.testng.reporters.JUnitReportReporter -->
<testsuite skipped="0" hostname="tmc-PC" name="com.basicsOfSelenium.TakeScreenShot" tests="1" failures="0" timestamp="16 Jun 2017 04:09:03 GMT" time="3.586" errors="0">
  <testcase name="testcase1" time="3.586" classname="com.basicsOfSelenium.TakeScreenShot"/>
</testsuite> <!-- com.basicsOfSelenium.TakeScreenShot -->
