<?xml version="1.0" encoding="UTF-8"?>
<!-- Generated by org.testng.reporters.JUnitReportReporter -->
<testsuite skipped="0" hostname="tmc-PC" name="com.basicsOfSelenium.MouseoverExample" tests="1" failures="0" timestamp="16 Jun 2017 11:39:40 GMT" time="25.402" errors="0">
  <testcase name="workwithAlert" time="25.402" classname="com.basicsOfSelenium.MouseoverExample"/>
</testsuite> <!-- com.basicsOfSelenium.MouseoverExample -->
