<?xml version="1.0" encoding="UTF-8"?>
<!-- Generated by org.testng.reporters.JUnitReportReporter -->
<testsuite skipped="0" hostname="tmc-PC" name="com.basicsOfSelenium.WorkWithSele" tests="1" failures="0" timestamp="15 Jun 2017 11:47:26 GMT" time="8.995" errors="0">
  <testcase name="workwithAlert" time="8.995" classname="com.basicsOfSelenium.WorkWithSele"/>
</testsuite> <!-- com.basicsOfSelenium.WorkWithSele -->
