<?xml version="1.0" encoding="UTF-8"?>
<!-- Generated by org.testng.reporters.JUnitReportReporter -->
<testsuite skipped="0" hostname="tmc-PC" name="com.basicsOfSelenium.WorkWithFrame" tests="1" failures="0" timestamp="14 Jun 2017 07:24:23 GMT" time="29.892" errors="0">
  <testcase name="workwithAlert" time="29.892" classname="com.basicsOfSelenium.WorkWithFrame"/>
</testsuite> <!-- com.basicsOfSelenium.WorkWithFrame -->
