<?xml version="1.0" encoding="UTF-8"?>
<!-- Generated by org.testng.reporters.JUnitReportReporter -->
<testsuite skipped="0" hostname="tmc-PC" name="com.basicsOfSelenium.ExplictWaitExample" tests="1" failures="0" timestamp="16 Jun 2017 07:34:01 GMT" time="8.225" errors="0">
  <testcase name="workwithAlert" time="8.225" classname="com.basicsOfSelenium.ExplictWaitExample"/>
</testsuite> <!-- com.basicsOfSelenium.ExplictWaitExample -->
