<?xml version="1.0" encoding="UTF-8"?>
<!-- Generated by org.testng.reporters.JUnitReportReporter -->
<testsuite skipped="0" hostname="tmc-PC" name="com.basicsOfSelenium.WorkWithTabsAndWindows" tests="1" failures="0" timestamp="15 Jun 2017 11:17:09 GMT" time="11.092" errors="0">
  <testcase name="workwithAlert" time="11.092" classname="com.basicsOfSelenium.WorkWithTabsAndWindows"/>
</testsuite> <!-- com.basicsOfSelenium.WorkWithTabsAndWindows -->
