<?xml version="1.0" encoding="UTF-8"?>
<!-- Generated by org.testng.reporters.JUnitReportReporter -->
<testsuite skipped="0" hostname="tmc-PC" name="com.testcase.Test2" tests="2" failures="0" timestamp="16 Jun 2017 12:10:59 GMT" time="0.000" errors="0">
  <testcase name="testcase3" time="0.000" classname="com.testcase.Test2"/>
  <testcase name="testcase4" time="0.000" classname="com.testcase.Test2"/>
</testsuite> <!-- com.testcase.Test2 -->
