<?xml version="1.0" encoding="UTF-8"?>
<!-- Generated by org.testng.reporters.JUnitReportReporter -->
<testsuite skipped="0" hostname="tmc-PC" name="com.testcase.Test1" tests="2" failures="0" timestamp="16 Jun 2017 12:10:59 GMT" time="0.012" errors="0">
  <testcase name="testcase2" time="0.001" classname="com.testcase.Test1"/>
  <testcase name="testcase1" time="0.011" classname="com.testcase.Test1"/>
</testsuite> <!-- com.testcase.Test1 -->
